c:\users\lucas\onedrive\área de trabalho\rpg_game\consolerpg\consolerpg\debug\vc142.pdb
c:\users\lucas\onedrive\área de trabalho\rpg_game\consolerpg\consolerpg\debug\vc142.idb
c:\users\lucas\onedrive\área de trabalho\rpg_game\consolerpg\consolerpg\debug\weapon.obj
c:\users\lucas\onedrive\área de trabalho\rpg_game\consolerpg\consolerpg\debug\main.obj
c:\users\lucas\onedrive\área de trabalho\rpg_game\consolerpg\consolerpg\debug\item.obj
c:\users\lucas\onedrive\área de trabalho\rpg_game\consolerpg\consolerpg\debug\inventory.obj
c:\users\lucas\onedrive\área de trabalho\rpg_game\consolerpg\consolerpg\debug\armor.obj
c:\users\lucas\onedrive\área de trabalho\rpg_game\consolerpg\consolerpg\debug\game.obj
c:\users\lucas\onedrive\área de trabalho\rpg_game\consolerpg\consolerpg\debug\character.obj
c:\users\brc\desktop\rpg_game\consolerpg\consolerpg\debug\vc142.pdb
c:\users\brc\desktop\rpg_game\consolerpg\consolerpg\debug\vc142.idb
c:\users\brc\desktop\rpg_game\consolerpg\consolerpg\debug\weapon.obj
c:\users\brc\desktop\rpg_game\consolerpg\consolerpg\debug\main.obj
c:\users\brc\desktop\rpg_game\consolerpg\consolerpg\debug\item.obj
c:\users\brc\desktop\rpg_game\consolerpg\consolerpg\debug\game.obj
c:\users\brc\desktop\rpg_game\consolerpg\consolerpg\debug\character.obj
c:\users\brc\desktop\rpg_game\consolerpg\consolerpg\debug\armor.obj
c:\users\lucas\onedrive\área de trabalho\rpg_game\consolerpg\debug\consolerpg.exe
c:\users\lucas\onedrive\área de trabalho\rpg_game\consolerpg\debug\consolerpg.ilk
c:\users\lucas\onedrive\área de trabalho\rpg_game\consolerpg\debug\consolerpg.pdb
c:\users\brc\desktop\rpg_game\consolerpg\consolerpg\debug\inventory.obj
c:\users\brc\desktop\rpg_game\consolerpg\debug\consolerpg.pdb
c:\users\brc\desktop\rpg_game\consolerpg\debug\consolerpg.exe
c:\users\brc\desktop\rpg_game\consolerpg\debug\consolerpg.ilk
c:\users\brc\desktop\rpg_game\consolerpg\consolerpg\debug\consolerpg.tlog\cl.command.1.tlog
c:\users\brc\desktop\rpg_game\consolerpg\consolerpg\debug\consolerpg.tlog\cl.read.1.tlog
c:\users\brc\desktop\rpg_game\consolerpg\consolerpg\debug\consolerpg.tlog\cl.write.1.tlog
c:\users\brc\desktop\rpg_game\consolerpg\consolerpg\debug\consolerpg.tlog\link.command.1.tlog
c:\users\brc\desktop\rpg_game\consolerpg\consolerpg\debug\consolerpg.tlog\link.read.1.tlog
c:\users\brc\desktop\rpg_game\consolerpg\consolerpg\debug\consolerpg.tlog\link.write.1.tlog
